* using log directory 'D:/RWorkSpace/Lab3/LAB-3/assignment3Package.Rcheck'
* using R version 3.6.1 (2019-07-05)
* using platform: x86_64-w64-mingw32 (64-bit)
* using session charset: CP936
* using options '--no-manual --as-cran'
* checking for file 'assignment3Package/DESCRIPTION' ... OK
* checking extension type ... Package
* this is package 'assignment3Package' version '1.0'
* package encoding: UTF-8
* checking package namespace information ... OK
* checking package dependencies ... OK
* checking if this is a source package ... OK
* checking if there is a namespace ... OK
* checking for .dll and .exe files ... OK
* checking for hidden files and directories ... OK
* checking for portable file names ... OK
* checking serialization versions ... OK
* checking whether package 'assignment3Package' can be installed ... WARNING
Found the following significant warnings:
  Warning: C:/Users/Kelly Luo/AppData/Local/Temp/RtmpYpazOq/Rbuild480c7cc12bf4/assignment3Package/man/assignment3Package-package.Rd:27: All text must be in a section
  Warning: C:/Users/Kelly Luo/AppData/Local/Temp/RtmpYpazOq/Rbuild480c7cc12bf4/assignment3Package/man/assignment3Package-package.Rd:28: All text must be in a section
See 'D:/RWorkSpace/Lab3/LAB-3/assignment3Package.Rcheck/00install.out' for details.
* checking package directory ... OK
* checking for future file timestamps ... OK
* checking DESCRIPTION meta-information ... NOTE
Malformed Description field: should contain one or more complete sentences.
Non-standard license specification:
  None
Standardizable: FALSE
* checking top-level files ... OK
* checking for left-over files ... OK
* checking index information ... OK
* checking package subdirectories ... OK
* checking R files for non-ASCII characters ... OK
* checking R files for syntax errors ... OK
* checking whether the package can be loaded ... OK
* checking whether the package can be loaded with stated dependencies ... OK
* checking whether the package can be unloaded cleanly ... OK
* checking whether the namespace can be loaded with stated dependencies ... OK
* checking whether the namespace can be unloaded cleanly ... OK
* checking dependencies in R code ... OK
* checking S3 generic/method consistency ... OK
* checking replacement functions ... OK
* checking foreign function calls ... OK
* checking R code for possible problems ... OK
* checking Rd files ... WARNING
prepare_Rd: assignment3Package-package.Rd:27: All text must be in a section
prepare_Rd: assignment3Package-package.Rd:28: All text must be in a section
* checking Rd metadata ... OK
* checking Rd line widths ... OK
* checking Rd cross-references ... WARNING
Rd xrefs里包含了不知来源的程序包'<pkg>'
* checking for missing documentation entries ... OK
* checking for code/documentation mismatches ... OK
* checking Rd \usage sections ... OK
* checking Rd contents ... OK
* checking for unstated dependencies in examples ... WARNING
Warning: 文件'lines'里句法分析有错：
11: unexpected symbol
21: 
22: ~~ simple examples
              ^
* checking examples ... ERROR
Running examples in 'assignment3Package-Ex.R' failed
The error most likely occurred in:

> base::assign(".ptime", proc.time(), pos = "CheckExEnv")
> ### Name: assignment3Package-package
> ### Title: assignment
> ### Aliases: assignment3Package-package assignment3Package
> ### Keywords: package
> 
> ### ** Examples
> 
> ~~ simple examples of the most important functions ~~
Error: unexpected symbol in "~~ simple examples"
Execution halted
* DONE
Status: 1 ERROR, 4 WARNINGs, 1 NOTE
